<?xml version="1.0" encoding="UTF-8"?>
<testsuite name="navegacion de pestañas" tests="1" skipped="0" failures="0" errors="0" timestamp="2020-11-30T18:19:06" hostname="KB-BERLIN" time="68.47">
  <properties/>
  <testcase name="navegacion de pantallas" classname="navegacion de pestañas" time="68.47"/>
  <system-out><![CDATA[]]></system-out>
  <system-err><![CDATA[Starting ChromeDriver 87.0.4280.20 (c99e81631faa0b2a448e658c0dbd8311fb04ddbd-refs/branch-heads/4280@{#355}) on port 20310
Only local connections are allowed.
Please see https://chromedriver.chromium.org/security-considerations for suggestions on keeping ChromeDriver safe.
ChromeDriver was started successfully.
nov. 30, 2020 1:19:12 P. M. org.openqa.selenium.remote.ProtocolHandshake createSession
INFO: Detected dialect: W3C
[1606760387.458][SEVERE]: Timed out receiving message from renderer: 10.000
[1606760387.458][WARNING]: screenshot failed, retrying timeout: Timed out receiving message from renderer: 10.000
[1606760397.458][SEVERE]: Timed out receiving message from renderer: 10.000
[Test worker] INFO net.thucydides.core.steps.ConsoleLoggingListener - 
        __    _____ _____ ____ _____   ____   _    ____  ____  _____ ____  
  _     \ \  |_   _| ____/ ___|_   _| |  _ \ / \  / ___|/ ___|| ____|  _ \ 
 (_)_____| |   | | |  _| \___ \ | |   | |_) / _ \ \___ \\___ \|  _| | | | |
  _|_____| |   | | | |___ ___) || |   |  __/ ___ \ ___) |___) | |___| |_| |
 (_)     | |   |_| |_____|____/ |_|   |_| /_/   \_\____/|____/|_____|____/ 
        /_/                                                                

TEST PASSED: navegacion de pantallas
----------------------------------------------------------------------------
]]></system-err>
</testsuite>
